e:\programming\vulkanraytracing\vulkanframework\x64\debug\vc141.pdb
e:\programming\vulkanraytracing\vulkanframework\x64\debug\vc141.idb
e:\programming\vulkanraytracing\vulkanframework\x64\debug\windowwin32.obj
e:\programming\vulkanraytracing\vulkanframework\x64\debug\window.obj
e:\programming\vulkanraytracing\vulkanframework\x64\debug\vulkanswapchain.obj
e:\programming\vulkanraytracing\vulkanframework\x64\debug\vulkanhelpers.obj
e:\programming\vulkanraytracing\vulkanframework\x64\debug\renderpass.obj
e:\programming\vulkanraytracing\vulkanframework\x64\debug\framebuffer.obj
e:\programming\vulkanraytracing\vulkanframework\x64\debug\depthstencilbuffer.obj
e:\programming\vulkanraytracing\vulkanframework\x64\debug\commandpool.obj
e:\programming\vulkanraytracing\vulkanframework\x64\debug\buffer.obj
e:\programming\vulkanraytracing\vulkanframework\x64\debug\main.obj
e:\programming\vulkanraytracing\vulkanframework\x64\debug\vulkandevice.obj
e:\programming\vulkanraytracing\vulkanframework\x64\debug\vulkanbaseapp.obj
e:\programming\vulkanraytracing\vulkanframework\x64\debug\vulkanapp.obj
e:\programming\vulkanraytracing\vulkanframework\x64\debug\texture.obj
e:\programming\vulkanraytracing\x64\debug\vulkanframework.exe
e:\programming\vulkanraytracing\x64\debug\vulkanframework.ilk
e:\programming\vulkanraytracing\x64\debug\vulkanframework.pdb
e:\programming\vulkanraytracing\vulkanframework\x64\debug\vulkanframework.tlog\cl.command.1.tlog
e:\programming\vulkanraytracing\vulkanframework\x64\debug\vulkanframework.tlog\cl.read.1.tlog
e:\programming\vulkanraytracing\vulkanframework\x64\debug\vulkanframework.tlog\cl.write.1.tlog
e:\programming\vulkanraytracing\vulkanframework\x64\debug\vulkanframework.tlog\link.command.1.tlog
e:\programming\vulkanraytracing\vulkanframework\x64\debug\vulkanframework.tlog\link.read.1.tlog
e:\programming\vulkanraytracing\vulkanframework\x64\debug\vulkanframework.tlog\link.write.1.tlog
